<?xml version="1.0" encoding="UTF-8"?>
<!-- Generated by org.testng.reporters.JUnitReportReporter -->
<testsuite hostname="DESKTOP-VHQ63N5" failures="0" tests="3" name="testcases.SimplilearnLogin" time="31.043" errors="0" timestamp="2022-09-11T10:53:40 IST" skipped="0">
  <testcase classname="testcases.SimplilearnLogin" name="test1" time="11.651"/>
  <system-out/>
  <testcase classname="testcases.SimplilearnLogin" name="test2" time="9.138"/>
  <system-out/>
  <testcase classname="testcases.SimplilearnLogin" name="test3" time="10.254"/>
  <system-out/>
</testsuite> <!-- testcases.SimplilearnLogin -->
