<?xml version="1.0" encoding="UTF-8"?>
<!-- Generated by org.testng.reporters.JUnitReportReporter -->
<testsuite hostname="DESKTOP-VHQ63N5" failures="0" tests="3" name="testcases.SimplilearnLogin" time="30.136" errors="0" timestamp="18 Sep 2022 04:20:40 GMT" skipped="0">
  <testcase classname="testcases.SimplilearnLogin" name="test2" time="8.178"/>
  <testcase classname="testcases.SimplilearnLogin" name="test3" time="10.052"/>
  <testcase classname="testcases.SimplilearnLogin" name="test1" time="11.906"/>
</testsuite> <!-- testcases.SimplilearnLogin -->
