<?xml version="1.0" encoding="UTF-8"?>
<!-- Generated by org.testng.reporters.JUnitReportReporter -->
<testsuite hostname="DESKTOP-VHQ63N5" failures="0" tests="3" name="testcases.SimplilearnLogin" time="30.144" errors="0" timestamp="18 Sep 2022 06:37:57 GMT" skipped="0">
  <testcase classname="testcases.SimplilearnLogin" name="test3" time="7.360"/>
  <testcase classname="testcases.SimplilearnLogin" name="test2" time="10.738"/>
  <testcase classname="testcases.SimplilearnLogin" name="test1" time="12.046"/>
</testsuite> <!-- testcases.SimplilearnLogin -->
