<?xml version="1.0" encoding="UTF-8"?>
<!-- Generated by org.testng.reporters.JUnitReportReporter -->
<testsuite hostname="DESKTOP-VHQ63N5" failures="0" tests="2" name="testcases.SimplilearnLogin" time="18.006" errors="0" timestamp="2022-09-10T12:30:52 IST" skipped="0">
  <testcase classname="testcases.SimplilearnLogin" name="test1" time="9.319"/>
  <system-out/>
  <testcase classname="testcases.SimplilearnLogin" name="test2" time="8.687"/>
  <system-out/>
</testsuite> <!-- testcases.SimplilearnLogin -->
